Using pre-set license
Built from '2020.3/staging' branch; Version is '2020.3.23f1 (c5d91304a876) revision 12966163'; Using compiler version '192528614'; Build Type 'Release'
OS: 'Windows 10 Home; OS build 19045.2486; Version 2009; 64bit' Language: 'en' Physical Memory: 8073 MB
BatchMode: 1, IsHumanControllingUs: 0, StartBugReporterOnCrash: 0, Is64bit: 1, IsPro: 0

COMMAND LINE ARGUMENTS:
C:\Program Files\Unity\Hub\Editor\2020.3.23f1\Editor\Unity.exe
-adb2
-batchMode
-noUpm
-name
AssetImportWorker0
-projectPath
C:/Users/spark/Desktop/code/games/New anm Project
-logFile
Logs/AssetImportWorker0.log
-srvPort
55858
Successfully changed project path to: C:/Users/spark/Desktop/code/games/New anm Project
C:/Users/spark/Desktop/code/games/New anm Project
Using Asset Import Pipeline V2.
Refreshing native plugins compatible for Editor in 95.49 ms, found 4 plugins.
Preloading 0 native plugins for Editor in 0.00 ms.
Initialize engine version: 2020.3.23f1 (c5d91304a876)
[Subsystems] Discovering subsystems at path C:/Program Files/Unity/Hub/Editor/2020.3.23f1/Editor/Data/Resources/UnitySubsystems
[Subsystems] Discovering subsystems at path C:/Users/spark/Desktop/code/games/New anm Project/Assets
GfxDevice: creating device client; threaded=0
Direct3D:
    Version:  Direct3D 11.0 [level 11.1]
    Renderer: Intel(R) HD Graphics 620 (ID=0x5916)
    Vendor:   
    VRAM:     4036 MB
    Driver:   27.20.100.8682
Initialize mono
Mono path[0] = 'C:/Program Files/Unity/Hub/Editor/2020.3.23f1/Editor/Data/Managed'
Mono path[1] = 'C:/Program Files/Unity/Hub/Editor/2020.3.23f1/Editor/Data/MonoBleedingEdge/lib/mono/unityjit'
Mono config path = 'C:/Program Files/Unity/Hub/Editor/2020.3.23f1/Editor/Data/MonoBleedingEdge/etc'
Using monoOptions --debugger-agent=transport=dt_socket,embedding=1,server=y,suspend=n,address=127.0.0.1:56568
Begin MonoManager ReloadAssembly
Registering precompiled unity dll's ...
Register platform support module: C:/Program Files/Unity/Hub/Editor/2020.3.23f1/Editor/Data/PlaybackEngines/WindowsStandaloneSupport/UnityEditor.WindowsStandalone.Extensions.dll
Registered in 0.004105 seconds.
Native extension for WindowsStandalone target not found
Refreshing native plugins compatible for Editor in 60.38 ms, found 4 plugins.
Preloading 0 native plugins for Editor in 0.00 ms.
Mono: successfully reloaded assembly
- Completed reload, in  0.803 seconds
Domain Reload Profiling:
	ReloadAssembly (803ms)
		BeginReloadAssembly (78ms)
			ExecutionOrderSort (0ms)
			DisableScriptedObjects (0ms)
			BackupInstance (0ms)
			ReleaseScriptingObjects (0ms)
			CreateAndSetChildDomain (1ms)
		EndReloadAssembly (628ms)
			LoadAssemblies (74ms)
			RebuildTransferFunctionScriptingTraits (0ms)
			SetupTypeCache (184ms)
			ReleaseScriptCaches (0ms)
			RebuildScriptCaches (38ms)
			SetupLoadedEditorAssemblies (260ms)
				LogAssemblyErrors (0ms)
				InitializePlatformSupportModulesInManaged (6ms)
				SetLoadedEditorAssemblies (0ms)
				RefreshPlugins (60ms)
				BeforeProcessingInitializeOnLoad (16ms)
				ProcessInitializeOnLoadAttributes (137ms)
				ProcessInitializeOnLoadMethodAttributes (39ms)
				AfterProcessingInitializeOnLoad (0ms)
				EditorAssembliesLoaded (0ms)
			ExecutionOrderSort2 (0ms)
			AwakeInstancesAfterBackupRestoration (0ms)
Platform modules already initialized, skipping
Registering precompiled user dll's ...
Registered in 0.011286 seconds.
Begin MonoManager ReloadAssembly
Native extension for WindowsStandalone target not found
Refreshing native plugins compatible for Editor in 59.12 ms, found 4 plugins.
Preloading 0 native plugins for Editor in 0.00 ms.
Mono: successfully reloaded assembly
- Completed reload, in  1.906 seconds
Domain Reload Profiling:
	ReloadAssembly (1907ms)
		BeginReloadAssembly (198ms)
			ExecutionOrderSort (0ms)
			DisableScriptedObjects (8ms)
			BackupInstance (0ms)
			ReleaseScriptingObjects (0ms)
			CreateAndSetChildDomain (22ms)
		EndReloadAssembly (1621ms)
			LoadAssemblies (155ms)
			RebuildTransferFunctionScriptingTraits (0ms)
			SetupTypeCache (441ms)
			ReleaseScriptCaches (1ms)
			RebuildScriptCaches (61ms)
			SetupLoadedEditorAssemblies (768ms)
				LogAssemblyErrors (0ms)
				InitializePlatformSupportModulesInManaged (4ms)
				SetLoadedEditorAssemblies (0ms)
				RefreshPlugins (59ms)
				BeforeProcessingInitializeOnLoad (115ms)
				ProcessInitializeOnLoadAttributes (540ms)
				ProcessInitializeOnLoadMethodAttributes (32ms)
				AfterProcessingInitializeOnLoad (18ms)
				EditorAssembliesLoaded (0ms)
			ExecutionOrderSort2 (0ms)
			AwakeInstancesAfterBackupRestoration (23ms)
Platform modules already initialized, skipping
========================================================================
Worker process is ready to serve import requests
Launched and connected shader compiler UnityShaderCompiler.exe after 0.08 seconds
Refreshing native plugins compatible for Editor in 0.59 ms, found 4 plugins.
Preloading 0 native plugins for Editor in 0.00 ms.
Unloading 2309 Unused Serialized files (Serialized files now loaded: 0)
System memory in use before: 101.9 MB.
System memory in use after: 102.1 MB.

Unloading 30 unused Assets to reduce memory usage. Loaded Objects now: 2745.
Total: 4.131800 ms (FindLiveObjects: 0.356900 ms CreateObjectMapping: 0.157900 ms MarkObjects: 3.527100 ms  DeleteObjects: 0.088700 ms)

AssetImportParameters requested are different than current active one (requested -> active):
  custom:framework-win-MediaFoundation: 216162199b28c13a410421893ffa2e32 -> 
  custom:video-decoder-ogg-theora: a1e56fd34408186e4bbccfd4996cb3dc -> 
  custom:container-muxer-webm: aa71ff27fc2769a1b78a27578f13a17b -> 
  custom:container-demuxer-webm: 4f35f7cbe854078d1ac9338744f61a02 -> 
  custom:container-demuxer-ogg: 62fdf1f143b41e24485cea50d1cbac27 -> 
  custom:video-encoder-webm-vp8: eb34c28f22e8b96e1ab97ce403110664 -> 
  custom:video-decoder-webm-vp8: 9c59270c3fd7afecdb556c50c9e8de78 -> 
  custom:audio-decoder-ogg-vorbis: bf7c407c2cedff20999df2af8eb42d56 -> 
  custom:audio-encoder-webm-vorbis: bf7c407c2cedff20999df2af8eb42d56 -> 
========================================================================
Received Import Request.
  path: Assets/Resources/sprites/player standing (maid).png
  artifactKey: Guid(3ba1caa71a35fad4f99af5e2f7745046) Importer(815301076,1909f56bfc062723c751e8b465ee728b)
Start importing Assets/Resources/sprites/player standing (maid).png using Guid(3ba1caa71a35fad4f99af5e2f7745046) Importer(815301076,1909f56bfc062723c751e8b465ee728b)  -> (artifact id: '475244b8e6d685ebe9c46bb31f12c0d4') in 0.178721 seconds 
  Import took 0.185297 seconds .

========================================================================
Received Import Request.
  Time since last request: 0.002488 seconds.
  path: Assets/Resources/sprites/animations/player walking small (maid).png
  artifactKey: Guid(bfc59601e2a29264ea4d3a591b7abc83) Importer(815301076,1909f56bfc062723c751e8b465ee728b)
Start importing Assets/Resources/sprites/animations/player walking small (maid).png using Guid(bfc59601e2a29264ea4d3a591b7abc83) Importer(815301076,1909f56bfc062723c751e8b465ee728b)  -> (artifact id: 'b2b17ebecb84dfeddf743a559466c001') in 0.061171 seconds 
  Import took 0.067007 seconds .

========================================================================
Received Import Request.
  Time since last request: 0.645728 seconds.
  path: Assets/Resources/sprites/animations/player walking (maid).png
  artifactKey: Guid(5c3c81c336ccae94386c3b7c75ddc547) Importer(815301076,1909f56bfc062723c751e8b465ee728b)
Start importing Assets/Resources/sprites/animations/player walking (maid).png using Guid(5c3c81c336ccae94386c3b7c75ddc547) Importer(815301076,1909f56bfc062723c751e8b465ee728b)  -> (artifact id: '8c925f665f5240cfb05157b3c3002ba3') in 0.046264 seconds 
  Import took 0.054376 seconds .

========================================================================
Received Import Request.
  Time since last request: 16.568576 seconds.
  path: Assets/Resources/sprites/animations/pngs/player walking (maid).png
  artifactKey: Guid(5c3c81c336ccae94386c3b7c75ddc547) Importer(815301076,1909f56bfc062723c751e8b465ee728b)
Start importing Assets/Resources/sprites/animations/pngs/player walking (maid).png using Guid(5c3c81c336ccae94386c3b7c75ddc547) Importer(815301076,1909f56bfc062723c751e8b465ee728b)  -> (artifact id: '92b48c0cc6397add65df36b2c430da49') in 0.086086 seconds 
  Import took 0.098583 seconds .

========================================================================
Received Import Request.
  Time since last request: 22.322374 seconds.
  path: Assets/Resources/sprites/animations/pngs/player walking (maid).png
  artifactKey: Guid(5c3c81c336ccae94386c3b7c75ddc547) Importer(815301076,1909f56bfc062723c751e8b465ee728b)
Start importing Assets/Resources/sprites/animations/pngs/player walking (maid).png using Guid(5c3c81c336ccae94386c3b7c75ddc547) Importer(815301076,1909f56bfc062723c751e8b465ee728b)  -> (artifact id: 'cbf154cf181fc9cd7c61ebab3f463466') in 0.110672 seconds 
  Import took 0.119407 seconds .

========================================================================
Received Import Request.
  Time since last request: 8.634897 seconds.
  path: Assets/Resources/sprites/animations/pngs/player walking small (maid).png
  artifactKey: Guid(bfc59601e2a29264ea4d3a591b7abc83) Importer(815301076,1909f56bfc062723c751e8b465ee728b)
Start importing Assets/Resources/sprites/animations/pngs/player walking small (maid).png using Guid(bfc59601e2a29264ea4d3a591b7abc83) Importer(815301076,1909f56bfc062723c751e8b465ee728b)  -> (artifact id: 'e01f6677f0182c4e5b36935a35c14893') in 0.132853 seconds 
  Import took 0.156722 seconds .

========================================================================
Received Import Request.
  Time since last request: 4.395900 seconds.
  path: Assets/Resources/sprites/animations/pngs/player walking small (maid).png
  artifactKey: Guid(bfc59601e2a29264ea4d3a591b7abc83) Importer(815301076,1909f56bfc062723c751e8b465ee728b)
Start importing Assets/Resources/sprites/animations/pngs/player walking small (maid).png using Guid(bfc59601e2a29264ea4d3a591b7abc83) Importer(815301076,1909f56bfc062723c751e8b465ee728b)  -> (artifact id: '9fd04ed842fb24ab12f3a5382b1d14b5') in 0.115476 seconds 
  Import took 0.121370 seconds .

========================================================================
Received Import Request.
  Time since last request: 99.905044 seconds.
  path: Assets/Resources/sprites/animations/player walking (maid)_0.prefab
  artifactKey: Guid(7f0b3c71f2e04ec48bac9444bb515405) Importer(815301076,1909f56bfc062723c751e8b465ee728b)
Start importing Assets/Resources/sprites/animations/player walking (maid)_0.prefab using Guid(7f0b3c71f2e04ec48bac9444bb515405) Importer(815301076,1909f56bfc062723c751e8b465ee728b) The Animator Controller (player walking (maid)_0) you have used is not valid. Animations will not play
UnityEngine.StackTraceUtility:ExtractStackTrace ()
UnityEditor.EditorUtility:Internal_InstantiateRemoveAllNonAnimationComponentsSingle (UnityEngine.Object,UnityEngine.Vector3,UnityEngine.Quaternion)
UnityEditor.EditorUtility:InstantiateRemoveAllNonAnimationComponents (UnityEngine.Object,UnityEngine.Vector3,UnityEngine.Quaternion)
UnityEditor.EditorUtility:InstantiateForAnimatorPreview (UnityEngine.Object)
UnityEditor.GameObjectInspector/PreviewData:UpdateGameObject (UnityEngine.Object)
UnityEditor.GameObjectInspector/PreviewData:.ctor (UnityEngine.Object)
UnityEditor.GameObjectInspector:GetPreviewData ()
UnityEditor.GameObjectInspector:RenderStaticPreview (string,UnityEngine.Object[],int,int)
UnityEditor.AssetPreviewUpdater:CreatePreviewForAsset (UnityEngine.Object,UnityEngine.Object[],string)

[C:\buildslave\unity\build\Modules/Animation/Director/AnimatorControllerPlayable.cpp line 333]

The Animator Controller (player walking (maid)_0) you have used is not valid. Animations will not play
UnityEngine.StackTraceUtility:ExtractStackTrace ()
UnityEditor.EditorUtility:InitInstantiatedPreviewRecursive (UnityEngine.GameObject)
UnityEditor.EditorUtility:InstantiateForAnimatorPreview (UnityEngine.Object)
UnityEditor.GameObjectInspector/PreviewData:UpdateGameObject (UnityEngine.Object)
UnityEditor.GameObjectInspector/PreviewData:.ctor (UnityEngine.Object)
UnityEditor.GameObjectInspector:GetPreviewData ()
UnityEditor.GameObjectInspector:RenderStaticPreview (string,UnityEngine.Object[],int,int)
UnityEditor.AssetPreviewUpdater:CreatePreviewForAsset (UnityEngine.Object,UnityEngine.Object[],string)

[C:\buildslave\unity\build\Modules/Animation/Director/AnimatorControllerPlayable.cpp line 333]

 -> (artifact id: 'b9e48be3bc186a6d7c2a14a7ffd840fb') in 0.108436 seconds 
  Import took 0.114539 seconds .

========================================================================
Received Import Request.
  Time since last request: 39.697737 seconds.
  path: Assets/Resources/sprites/animations/player walking small (maid)_0.prefab
  artifactKey: Guid(dea69c7a5f0cb074aa66de4dddd71a16) Importer(815301076,1909f56bfc062723c751e8b465ee728b)
Start importing Assets/Resources/sprites/animations/player walking small (maid)_0.prefab using Guid(dea69c7a5f0cb074aa66de4dddd71a16) Importer(815301076,1909f56bfc062723c751e8b465ee728b) The Animator Controller (player walking small (maid)_0) you have used is not valid. Animations will not play
UnityEngine.StackTraceUtility:ExtractStackTrace ()
UnityEditor.EditorUtility:Internal_InstantiateRemoveAllNonAnimationComponentsSingle (UnityEngine.Object,UnityEngine.Vector3,UnityEngine.Quaternion)
UnityEditor.EditorUtility:InstantiateRemoveAllNonAnimationComponents (UnityEngine.Object,UnityEngine.Vector3,UnityEngine.Quaternion)
UnityEditor.EditorUtility:InstantiateForAnimatorPreview (UnityEngine.Object)
UnityEditor.GameObjectInspector/PreviewData:UpdateGameObject (UnityEngine.Object)
UnityEditor.GameObjectInspector/PreviewData:.ctor (UnityEngine.Object)
UnityEditor.GameObjectInspector:GetPreviewData ()
UnityEditor.GameObjectInspector:RenderStaticPreview (string,UnityEngine.Object[],int,int)
UnityEditor.AssetPreviewUpdater:CreatePreviewForAsset (UnityEngine.Object,UnityEngine.Object[],string)

[C:\buildslave\unity\build\Modules/Animation/Director/AnimatorControllerPlayable.cpp line 333]

The Animator Controller (player walking small (maid)_0) you have used is not valid. Animations will not play
UnityEngine.StackTraceUtility:ExtractStackTrace ()
UnityEditor.EditorUtility:InitInstantiatedPreviewRecursive (UnityEngine.GameObject)
UnityEditor.EditorUtility:InstantiateForAnimatorPreview (UnityEngine.Object)
UnityEditor.GameObjectInspector/PreviewData:UpdateGameObject (UnityEngine.Object)
UnityEditor.GameObjectInspector/PreviewData:.ctor (UnityEngine.Object)
UnityEditor.GameObjectInspector:GetPreviewData ()
UnityEditor.GameObjectInspector:RenderStaticPreview (string,UnityEngine.Object[],int,int)
UnityEditor.AssetPreviewUpdater:CreatePreviewForAsset (UnityEngine.Object,UnityEngine.Object[],string)

[C:\buildslave\unity\build\Modules/Animation/Director/AnimatorControllerPlayable.cpp line 333]

 -> (artifact id: 'faecd48436dedd6caa15884c0bf36435') in 0.060314 seconds 
  Import took 0.068444 seconds .

AssetImportWorkerClient::OnTransportError - code=2 error=End of file
